<?xml version="1.0" encoding="UTF-8"?>
<testng-results skipped="0" failed="0" ignored="0" total="1" passed="1">
  <reporter-output>
  </reporter-output>
  <suite name="Default suite" duration-ms="39699" started-at="2018-04-15T05:49:56Z" finished-at="2018-04-15T05:50:36Z">
    <groups>
    </groups>
    <test name="Default test" duration-ms="39699" started-at="2018-04-15T05:49:56Z" finished-at="2018-04-15T05:50:36Z">
      <class name="samplegittest.SampleGitTest">
        <test-method status="PASS" signature="loginTest()[pri:0, instance:samplegittest.SampleGitTest@19651f3]" name="loginTest" duration-ms="39644" started-at="2018-04-15T05:49:56Z" finished-at="2018-04-15T05:50:36Z">
          <reporter-output>
          </reporter-output>
        </test-method> <!-- loginTest -->
      </class> <!-- samplegittest.SampleGitTest -->
    </test> <!-- Default test -->
  </suite> <!-- Default suite -->
</testng-results>
